Created by PLY version 3.11 (http://www.dabeaz.com/ply)

Grammar

Rule 0     S' -> programa
Rule 1     programa -> PROGRAM ID SCOLON vars bloque
Rule 2     programa -> PROGRAM ID SCOLON bloque
Rule 3     vars -> VAR declaracion
Rule 4     declaracion -> nombre COLON tipo SCOLON
Rule 5     declaracion -> nombre COLON tipo SCOLON declaracion
Rule 6     tipo -> INT
Rule 7     tipo -> FLOAT
Rule 8     bloque -> LBRACKET estatutos RBRACKET
Rule 9     estatutos -> estatuto
Rule 10    estatutos -> estatuto estatutos
Rule 11    estatuto -> asignacion
Rule 12    estatuto -> condicion
Rule 13    estatuto -> escritura
Rule 14    asignacion -> ID ASSIGN expresion SCOLON
Rule 15    escritura -> PRINT LPAREN contenido RPAREN SCOLON
Rule 16    contenido -> CTESTRING
Rule 17    contenido -> expresion
Rule 18    contenido -> CTESTRING COMMA contenido
Rule 19    contenido -> expresion COMMA contenido
Rule 20    expresion -> exp relop exp
Rule 21    expresion -> exp
Rule 22    nombre -> ID
Rule 23    nombre -> ID COMMA nombre
Rule 24    condicion -> IF LPAREN expresion RPAREN bloque SCOLON
Rule 25    condicion -> IF LPAREN expresion RPAREN bloque ELSE bloque SCOLON
Rule 26    relop -> LT
Rule 27    relop -> GT
Rule 28    relop -> NE
Rule 29    exp -> termino
Rule 30    exp -> termino addop exp
Rule 31    addop -> PLUS
Rule 32    addop -> MINUS
Rule 33    termino -> factor
Rule 34    termino -> factor mulop termino
Rule 35    mulop -> TIMES
Rule 36    mulop -> DIVIDE
Rule 37    factor -> LPAREN expresion RPAREN
Rule 38    factor -> addop varcte
Rule 39    varcte -> ID
Rule 40    varcte -> CTEF
Rule 41    varcte -> CTEI

Terminals, with rules where they appear

ASSIGN               : 14
COLON                : 4 5
COMMA                : 18 19 23
CTEF                 : 40
CTEI                 : 41
CTESTRING            : 16 18
DIVIDE               : 36
ELSE                 : 25
FLOAT                : 7
GT                   : 27
ID                   : 1 2 14 22 23 39
IF                   : 24 25
INT                  : 6
LBRACKET             : 8
LPAREN               : 15 24 25 37
LT                   : 26
MINUS                : 32
NE                   : 28
PLUS                 : 31
PRINT                : 15
PROGRAM              : 1 2
RBRACKET             : 8
RPAREN               : 15 24 25 37
SCOLON               : 1 2 4 5 14 15 24 25
TIMES                : 35
VAR                  : 3
error                : 

Nonterminals, with rules where they appear

addop                : 30 38
asignacion           : 11
bloque               : 1 2 24 25 25
condicion            : 12
contenido            : 15 18 19
declaracion          : 3 5
escritura            : 13
estatuto             : 9 10
estatutos            : 8 10
exp                  : 20 20 21 30
expresion            : 14 17 19 24 25 37
factor               : 33 34
mulop                : 34
nombre               : 4 5 23
programa             : 0
relop                : 20
termino              : 29 30 34
tipo                 : 4 5
varcte               : 38
vars                 : 1

Parsing method: LALR

state 0

    (0) S' -> . programa
    (1) programa -> . PROGRAM ID SCOLON vars bloque
    (2) programa -> . PROGRAM ID SCOLON bloque

    PROGRAM         shift and go to state 2

    programa                       shift and go to state 1

state 1

    (0) S' -> programa .



state 2

    (1) programa -> PROGRAM . ID SCOLON vars bloque
    (2) programa -> PROGRAM . ID SCOLON bloque

    ID              shift and go to state 3


state 3

    (1) programa -> PROGRAM ID . SCOLON vars bloque
    (2) programa -> PROGRAM ID . SCOLON bloque

    SCOLON          shift and go to state 4


state 4

    (1) programa -> PROGRAM ID SCOLON . vars bloque
    (2) programa -> PROGRAM ID SCOLON . bloque
    (3) vars -> . VAR declaracion
    (8) bloque -> . LBRACKET estatutos RBRACKET

    VAR             shift and go to state 7
    LBRACKET        shift and go to state 8

    vars                           shift and go to state 5
    bloque                         shift and go to state 6

state 5

    (1) programa -> PROGRAM ID SCOLON vars . bloque
    (8) bloque -> . LBRACKET estatutos RBRACKET

    LBRACKET        shift and go to state 8

    bloque                         shift and go to state 9

state 6

    (2) programa -> PROGRAM ID SCOLON bloque .

    $end            reduce using rule 2 (programa -> PROGRAM ID SCOLON bloque .)


state 7

    (3) vars -> VAR . declaracion
    (4) declaracion -> . nombre COLON tipo SCOLON
    (5) declaracion -> . nombre COLON tipo SCOLON declaracion
    (22) nombre -> . ID
    (23) nombre -> . ID COMMA nombre

    ID              shift and go to state 12

    declaracion                    shift and go to state 10
    nombre                         shift and go to state 11

state 8

    (8) bloque -> LBRACKET . estatutos RBRACKET
    (9) estatutos -> . estatuto
    (10) estatutos -> . estatuto estatutos
    (11) estatuto -> . asignacion
    (12) estatuto -> . condicion
    (13) estatuto -> . escritura
    (14) asignacion -> . ID ASSIGN expresion SCOLON
    (24) condicion -> . IF LPAREN expresion RPAREN bloque SCOLON
    (25) condicion -> . IF LPAREN expresion RPAREN bloque ELSE bloque SCOLON
    (15) escritura -> . PRINT LPAREN contenido RPAREN SCOLON

    ID              shift and go to state 18
    IF              shift and go to state 19
    PRINT           shift and go to state 20

    estatutos                      shift and go to state 13
    estatuto                       shift and go to state 14
    asignacion                     shift and go to state 15
    condicion                      shift and go to state 16
    escritura                      shift and go to state 17

state 9

    (1) programa -> PROGRAM ID SCOLON vars bloque .

    $end            reduce using rule 1 (programa -> PROGRAM ID SCOLON vars bloque .)


state 10

    (3) vars -> VAR declaracion .

    LBRACKET        reduce using rule 3 (vars -> VAR declaracion .)


state 11

    (4) declaracion -> nombre . COLON tipo SCOLON
    (5) declaracion -> nombre . COLON tipo SCOLON declaracion

    COLON           shift and go to state 21


state 12

    (22) nombre -> ID .
    (23) nombre -> ID . COMMA nombre

    COLON           reduce using rule 22 (nombre -> ID .)
    COMMA           shift and go to state 22


state 13

    (8) bloque -> LBRACKET estatutos . RBRACKET

    RBRACKET        shift and go to state 23


state 14

    (9) estatutos -> estatuto .
    (10) estatutos -> estatuto . estatutos
    (9) estatutos -> . estatuto
    (10) estatutos -> . estatuto estatutos
    (11) estatuto -> . asignacion
    (12) estatuto -> . condicion
    (13) estatuto -> . escritura
    (14) asignacion -> . ID ASSIGN expresion SCOLON
    (24) condicion -> . IF LPAREN expresion RPAREN bloque SCOLON
    (25) condicion -> . IF LPAREN expresion RPAREN bloque ELSE bloque SCOLON
    (15) escritura -> . PRINT LPAREN contenido RPAREN SCOLON

    RBRACKET        reduce using rule 9 (estatutos -> estatuto .)
    ID              shift and go to state 18
    IF              shift and go to state 19
    PRINT           shift and go to state 20

    estatuto                       shift and go to state 14
    estatutos                      shift and go to state 24
    asignacion                     shift and go to state 15
    condicion                      shift and go to state 16
    escritura                      shift and go to state 17

state 15

    (11) estatuto -> asignacion .

    ID              reduce using rule 11 (estatuto -> asignacion .)
    IF              reduce using rule 11 (estatuto -> asignacion .)
    PRINT           reduce using rule 11 (estatuto -> asignacion .)
    RBRACKET        reduce using rule 11 (estatuto -> asignacion .)


state 16

    (12) estatuto -> condicion .

    ID              reduce using rule 12 (estatuto -> condicion .)
    IF              reduce using rule 12 (estatuto -> condicion .)
    PRINT           reduce using rule 12 (estatuto -> condicion .)
    RBRACKET        reduce using rule 12 (estatuto -> condicion .)


state 17

    (13) estatuto -> escritura .

    ID              reduce using rule 13 (estatuto -> escritura .)
    IF              reduce using rule 13 (estatuto -> escritura .)
    PRINT           reduce using rule 13 (estatuto -> escritura .)
    RBRACKET        reduce using rule 13 (estatuto -> escritura .)


state 18

    (14) asignacion -> ID . ASSIGN expresion SCOLON

    ASSIGN          shift and go to state 25


state 19

    (24) condicion -> IF . LPAREN expresion RPAREN bloque SCOLON
    (25) condicion -> IF . LPAREN expresion RPAREN bloque ELSE bloque SCOLON

    LPAREN          shift and go to state 26


state 20

    (15) escritura -> PRINT . LPAREN contenido RPAREN SCOLON

    LPAREN          shift and go to state 27


state 21

    (4) declaracion -> nombre COLON . tipo SCOLON
    (5) declaracion -> nombre COLON . tipo SCOLON declaracion
    (6) tipo -> . INT
    (7) tipo -> . FLOAT

    INT             shift and go to state 29
    FLOAT           shift and go to state 30

    tipo                           shift and go to state 28

state 22

    (23) nombre -> ID COMMA . nombre
    (22) nombre -> . ID
    (23) nombre -> . ID COMMA nombre

    ID              shift and go to state 12

    nombre                         shift and go to state 31

state 23

    (8) bloque -> LBRACKET estatutos RBRACKET .

    $end            reduce using rule 8 (bloque -> LBRACKET estatutos RBRACKET .)
    SCOLON          reduce using rule 8 (bloque -> LBRACKET estatutos RBRACKET .)
    ELSE            reduce using rule 8 (bloque -> LBRACKET estatutos RBRACKET .)


state 24

    (10) estatutos -> estatuto estatutos .

    RBRACKET        reduce using rule 10 (estatutos -> estatuto estatutos .)


state 25

    (14) asignacion -> ID ASSIGN . expresion SCOLON
    (20) expresion -> . exp relop exp
    (21) expresion -> . exp
    (29) exp -> . termino
    (30) exp -> . termino addop exp
    (33) termino -> . factor
    (34) termino -> . factor mulop termino
    (37) factor -> . LPAREN expresion RPAREN
    (38) factor -> . addop varcte
    (31) addop -> . PLUS
    (32) addop -> . MINUS

    LPAREN          shift and go to state 37
    PLUS            shift and go to state 38
    MINUS           shift and go to state 39

    expresion                      shift and go to state 32
    exp                            shift and go to state 33
    termino                        shift and go to state 34
    addop                          shift and go to state 35
    factor                         shift and go to state 36

state 26

    (24) condicion -> IF LPAREN . expresion RPAREN bloque SCOLON
    (25) condicion -> IF LPAREN . expresion RPAREN bloque ELSE bloque SCOLON
    (20) expresion -> . exp relop exp
    (21) expresion -> . exp
    (29) exp -> . termino
    (30) exp -> . termino addop exp
    (33) termino -> . factor
    (34) termino -> . factor mulop termino
    (37) factor -> . LPAREN expresion RPAREN
    (38) factor -> . addop varcte
    (31) addop -> . PLUS
    (32) addop -> . MINUS

    LPAREN          shift and go to state 37
    PLUS            shift and go to state 38
    MINUS           shift and go to state 39

    expresion                      shift and go to state 40
    exp                            shift and go to state 33
    termino                        shift and go to state 34
    addop                          shift and go to state 35
    factor                         shift and go to state 36

state 27

    (15) escritura -> PRINT LPAREN . contenido RPAREN SCOLON
    (16) contenido -> . CTESTRING
    (17) contenido -> . expresion
    (18) contenido -> . CTESTRING COMMA contenido
    (19) contenido -> . expresion COMMA contenido
    (20) expresion -> . exp relop exp
    (21) expresion -> . exp
    (29) exp -> . termino
    (30) exp -> . termino addop exp
    (33) termino -> . factor
    (34) termino -> . factor mulop termino
    (37) factor -> . LPAREN expresion RPAREN
    (38) factor -> . addop varcte
    (31) addop -> . PLUS
    (32) addop -> . MINUS

    CTESTRING       shift and go to state 42
    LPAREN          shift and go to state 37
    PLUS            shift and go to state 38
    MINUS           shift and go to state 39

    contenido                      shift and go to state 41
    expresion                      shift and go to state 43
    exp                            shift and go to state 33
    termino                        shift and go to state 34
    addop                          shift and go to state 35
    factor                         shift and go to state 36

state 28

    (4) declaracion -> nombre COLON tipo . SCOLON
    (5) declaracion -> nombre COLON tipo . SCOLON declaracion

    SCOLON          shift and go to state 44


state 29

    (6) tipo -> INT .

    SCOLON          reduce using rule 6 (tipo -> INT .)


state 30

    (7) tipo -> FLOAT .

    SCOLON          reduce using rule 7 (tipo -> FLOAT .)


state 31

    (23) nombre -> ID COMMA nombre .

    COLON           reduce using rule 23 (nombre -> ID COMMA nombre .)


state 32

    (14) asignacion -> ID ASSIGN expresion . SCOLON

    SCOLON          shift and go to state 45


state 33

    (20) expresion -> exp . relop exp
    (21) expresion -> exp .
    (26) relop -> . LT
    (27) relop -> . GT
    (28) relop -> . NE

    SCOLON          reduce using rule 21 (expresion -> exp .)
    RPAREN          reduce using rule 21 (expresion -> exp .)
    COMMA           reduce using rule 21 (expresion -> exp .)
    LT              shift and go to state 47
    GT              shift and go to state 48
    NE              shift and go to state 49

    relop                          shift and go to state 46

state 34

    (29) exp -> termino .
    (30) exp -> termino . addop exp
    (31) addop -> . PLUS
    (32) addop -> . MINUS

    LT              reduce using rule 29 (exp -> termino .)
    GT              reduce using rule 29 (exp -> termino .)
    NE              reduce using rule 29 (exp -> termino .)
    SCOLON          reduce using rule 29 (exp -> termino .)
    RPAREN          reduce using rule 29 (exp -> termino .)
    COMMA           reduce using rule 29 (exp -> termino .)
    PLUS            shift and go to state 38
    MINUS           shift and go to state 39

    addop                          shift and go to state 50

state 35

    (38) factor -> addop . varcte
    (39) varcte -> . ID
    (40) varcte -> . CTEF
    (41) varcte -> . CTEI

    ID              shift and go to state 52
    CTEF            shift and go to state 53
    CTEI            shift and go to state 54

    varcte                         shift and go to state 51

state 36

    (33) termino -> factor .
    (34) termino -> factor . mulop termino
    (35) mulop -> . TIMES
    (36) mulop -> . DIVIDE

    PLUS            reduce using rule 33 (termino -> factor .)
    MINUS           reduce using rule 33 (termino -> factor .)
    LT              reduce using rule 33 (termino -> factor .)
    GT              reduce using rule 33 (termino -> factor .)
    NE              reduce using rule 33 (termino -> factor .)
    SCOLON          reduce using rule 33 (termino -> factor .)
    RPAREN          reduce using rule 33 (termino -> factor .)
    COMMA           reduce using rule 33 (termino -> factor .)
    TIMES           shift and go to state 56
    DIVIDE          shift and go to state 57

    mulop                          shift and go to state 55

state 37

    (37) factor -> LPAREN . expresion RPAREN
    (20) expresion -> . exp relop exp
    (21) expresion -> . exp
    (29) exp -> . termino
    (30) exp -> . termino addop exp
    (33) termino -> . factor
    (34) termino -> . factor mulop termino
    (37) factor -> . LPAREN expresion RPAREN
    (38) factor -> . addop varcte
    (31) addop -> . PLUS
    (32) addop -> . MINUS

    LPAREN          shift and go to state 37
    PLUS            shift and go to state 38
    MINUS           shift and go to state 39

    expresion                      shift and go to state 58
    exp                            shift and go to state 33
    termino                        shift and go to state 34
    addop                          shift and go to state 35
    factor                         shift and go to state 36

state 38

    (31) addop -> PLUS .

    ID              reduce using rule 31 (addop -> PLUS .)
    CTEF            reduce using rule 31 (addop -> PLUS .)
    CTEI            reduce using rule 31 (addop -> PLUS .)
    LPAREN          reduce using rule 31 (addop -> PLUS .)
    PLUS            reduce using rule 31 (addop -> PLUS .)
    MINUS           reduce using rule 31 (addop -> PLUS .)


state 39

    (32) addop -> MINUS .

    ID              reduce using rule 32 (addop -> MINUS .)
    CTEF            reduce using rule 32 (addop -> MINUS .)
    CTEI            reduce using rule 32 (addop -> MINUS .)
    LPAREN          reduce using rule 32 (addop -> MINUS .)
    PLUS            reduce using rule 32 (addop -> MINUS .)
    MINUS           reduce using rule 32 (addop -> MINUS .)


state 40

    (24) condicion -> IF LPAREN expresion . RPAREN bloque SCOLON
    (25) condicion -> IF LPAREN expresion . RPAREN bloque ELSE bloque SCOLON

    RPAREN          shift and go to state 59


state 41

    (15) escritura -> PRINT LPAREN contenido . RPAREN SCOLON

    RPAREN          shift and go to state 60


state 42

    (16) contenido -> CTESTRING .
    (18) contenido -> CTESTRING . COMMA contenido

    RPAREN          reduce using rule 16 (contenido -> CTESTRING .)
    COMMA           shift and go to state 61


state 43

    (17) contenido -> expresion .
    (19) contenido -> expresion . COMMA contenido

    RPAREN          reduce using rule 17 (contenido -> expresion .)
    COMMA           shift and go to state 62


state 44

    (4) declaracion -> nombre COLON tipo SCOLON .
    (5) declaracion -> nombre COLON tipo SCOLON . declaracion
    (4) declaracion -> . nombre COLON tipo SCOLON
    (5) declaracion -> . nombre COLON tipo SCOLON declaracion
    (22) nombre -> . ID
    (23) nombre -> . ID COMMA nombre

    LBRACKET        reduce using rule 4 (declaracion -> nombre COLON tipo SCOLON .)
    ID              shift and go to state 12

    nombre                         shift and go to state 11
    declaracion                    shift and go to state 63

state 45

    (14) asignacion -> ID ASSIGN expresion SCOLON .

    ID              reduce using rule 14 (asignacion -> ID ASSIGN expresion SCOLON .)
    IF              reduce using rule 14 (asignacion -> ID ASSIGN expresion SCOLON .)
    PRINT           reduce using rule 14 (asignacion -> ID ASSIGN expresion SCOLON .)
    RBRACKET        reduce using rule 14 (asignacion -> ID ASSIGN expresion SCOLON .)


state 46

    (20) expresion -> exp relop . exp
    (29) exp -> . termino
    (30) exp -> . termino addop exp
    (33) termino -> . factor
    (34) termino -> . factor mulop termino
    (37) factor -> . LPAREN expresion RPAREN
    (38) factor -> . addop varcte
    (31) addop -> . PLUS
    (32) addop -> . MINUS

    LPAREN          shift and go to state 37
    PLUS            shift and go to state 38
    MINUS           shift and go to state 39

    exp                            shift and go to state 64
    termino                        shift and go to state 34
    addop                          shift and go to state 35
    factor                         shift and go to state 36

state 47

    (26) relop -> LT .

    LPAREN          reduce using rule 26 (relop -> LT .)
    PLUS            reduce using rule 26 (relop -> LT .)
    MINUS           reduce using rule 26 (relop -> LT .)


state 48

    (27) relop -> GT .

    LPAREN          reduce using rule 27 (relop -> GT .)
    PLUS            reduce using rule 27 (relop -> GT .)
    MINUS           reduce using rule 27 (relop -> GT .)


state 49

    (28) relop -> NE .

    LPAREN          reduce using rule 28 (relop -> NE .)
    PLUS            reduce using rule 28 (relop -> NE .)
    MINUS           reduce using rule 28 (relop -> NE .)


state 50

    (30) exp -> termino addop . exp
    (29) exp -> . termino
    (30) exp -> . termino addop exp
    (33) termino -> . factor
    (34) termino -> . factor mulop termino
    (37) factor -> . LPAREN expresion RPAREN
    (38) factor -> . addop varcte
    (31) addop -> . PLUS
    (32) addop -> . MINUS

    LPAREN          shift and go to state 37
    PLUS            shift and go to state 38
    MINUS           shift and go to state 39

    termino                        shift and go to state 34
    addop                          shift and go to state 35
    exp                            shift and go to state 65
    factor                         shift and go to state 36

state 51

    (38) factor -> addop varcte .

    TIMES           reduce using rule 38 (factor -> addop varcte .)
    DIVIDE          reduce using rule 38 (factor -> addop varcte .)
    PLUS            reduce using rule 38 (factor -> addop varcte .)
    MINUS           reduce using rule 38 (factor -> addop varcte .)
    LT              reduce using rule 38 (factor -> addop varcte .)
    GT              reduce using rule 38 (factor -> addop varcte .)
    NE              reduce using rule 38 (factor -> addop varcte .)
    SCOLON          reduce using rule 38 (factor -> addop varcte .)
    RPAREN          reduce using rule 38 (factor -> addop varcte .)
    COMMA           reduce using rule 38 (factor -> addop varcte .)


state 52

    (39) varcte -> ID .

    TIMES           reduce using rule 39 (varcte -> ID .)
    DIVIDE          reduce using rule 39 (varcte -> ID .)
    PLUS            reduce using rule 39 (varcte -> ID .)
    MINUS           reduce using rule 39 (varcte -> ID .)
    LT              reduce using rule 39 (varcte -> ID .)
    GT              reduce using rule 39 (varcte -> ID .)
    NE              reduce using rule 39 (varcte -> ID .)
    SCOLON          reduce using rule 39 (varcte -> ID .)
    RPAREN          reduce using rule 39 (varcte -> ID .)
    COMMA           reduce using rule 39 (varcte -> ID .)


state 53

    (40) varcte -> CTEF .

    TIMES           reduce using rule 40 (varcte -> CTEF .)
    DIVIDE          reduce using rule 40 (varcte -> CTEF .)
    PLUS            reduce using rule 40 (varcte -> CTEF .)
    MINUS           reduce using rule 40 (varcte -> CTEF .)
    LT              reduce using rule 40 (varcte -> CTEF .)
    GT              reduce using rule 40 (varcte -> CTEF .)
    NE              reduce using rule 40 (varcte -> CTEF .)
    SCOLON          reduce using rule 40 (varcte -> CTEF .)
    RPAREN          reduce using rule 40 (varcte -> CTEF .)
    COMMA           reduce using rule 40 (varcte -> CTEF .)


state 54

    (41) varcte -> CTEI .

    TIMES           reduce using rule 41 (varcte -> CTEI .)
    DIVIDE          reduce using rule 41 (varcte -> CTEI .)
    PLUS            reduce using rule 41 (varcte -> CTEI .)
    MINUS           reduce using rule 41 (varcte -> CTEI .)
    LT              reduce using rule 41 (varcte -> CTEI .)
    GT              reduce using rule 41 (varcte -> CTEI .)
    NE              reduce using rule 41 (varcte -> CTEI .)
    SCOLON          reduce using rule 41 (varcte -> CTEI .)
    RPAREN          reduce using rule 41 (varcte -> CTEI .)
    COMMA           reduce using rule 41 (varcte -> CTEI .)


state 55

    (34) termino -> factor mulop . termino
    (33) termino -> . factor
    (34) termino -> . factor mulop termino
    (37) factor -> . LPAREN expresion RPAREN
    (38) factor -> . addop varcte
    (31) addop -> . PLUS
    (32) addop -> . MINUS

    LPAREN          shift and go to state 37
    PLUS            shift and go to state 38
    MINUS           shift and go to state 39

    factor                         shift and go to state 36
    termino                        shift and go to state 66
    addop                          shift and go to state 35

state 56

    (35) mulop -> TIMES .

    LPAREN          reduce using rule 35 (mulop -> TIMES .)
    PLUS            reduce using rule 35 (mulop -> TIMES .)
    MINUS           reduce using rule 35 (mulop -> TIMES .)


state 57

    (36) mulop -> DIVIDE .

    LPAREN          reduce using rule 36 (mulop -> DIVIDE .)
    PLUS            reduce using rule 36 (mulop -> DIVIDE .)
    MINUS           reduce using rule 36 (mulop -> DIVIDE .)


state 58

    (37) factor -> LPAREN expresion . RPAREN

    RPAREN          shift and go to state 67


state 59

    (24) condicion -> IF LPAREN expresion RPAREN . bloque SCOLON
    (25) condicion -> IF LPAREN expresion RPAREN . bloque ELSE bloque SCOLON
    (8) bloque -> . LBRACKET estatutos RBRACKET

    LBRACKET        shift and go to state 8

    bloque                         shift and go to state 68

state 60

    (15) escritura -> PRINT LPAREN contenido RPAREN . SCOLON

    SCOLON          shift and go to state 69


state 61

    (18) contenido -> CTESTRING COMMA . contenido
    (16) contenido -> . CTESTRING
    (17) contenido -> . expresion
    (18) contenido -> . CTESTRING COMMA contenido
    (19) contenido -> . expresion COMMA contenido
    (20) expresion -> . exp relop exp
    (21) expresion -> . exp
    (29) exp -> . termino
    (30) exp -> . termino addop exp
    (33) termino -> . factor
    (34) termino -> . factor mulop termino
    (37) factor -> . LPAREN expresion RPAREN
    (38) factor -> . addop varcte
    (31) addop -> . PLUS
    (32) addop -> . MINUS

    CTESTRING       shift and go to state 42
    LPAREN          shift and go to state 37
    PLUS            shift and go to state 38
    MINUS           shift and go to state 39

    contenido                      shift and go to state 70
    expresion                      shift and go to state 43
    exp                            shift and go to state 33
    termino                        shift and go to state 34
    addop                          shift and go to state 35
    factor                         shift and go to state 36

state 62

    (19) contenido -> expresion COMMA . contenido
    (16) contenido -> . CTESTRING
    (17) contenido -> . expresion
    (18) contenido -> . CTESTRING COMMA contenido
    (19) contenido -> . expresion COMMA contenido
    (20) expresion -> . exp relop exp
    (21) expresion -> . exp
    (29) exp -> . termino
    (30) exp -> . termino addop exp
    (33) termino -> . factor
    (34) termino -> . factor mulop termino
    (37) factor -> . LPAREN expresion RPAREN
    (38) factor -> . addop varcte
    (31) addop -> . PLUS
    (32) addop -> . MINUS

    CTESTRING       shift and go to state 42
    LPAREN          shift and go to state 37
    PLUS            shift and go to state 38
    MINUS           shift and go to state 39

    expresion                      shift and go to state 43
    contenido                      shift and go to state 71
    exp                            shift and go to state 33
    termino                        shift and go to state 34
    addop                          shift and go to state 35
    factor                         shift and go to state 36

state 63

    (5) declaracion -> nombre COLON tipo SCOLON declaracion .

    LBRACKET        reduce using rule 5 (declaracion -> nombre COLON tipo SCOLON declaracion .)


state 64

    (20) expresion -> exp relop exp .

    SCOLON          reduce using rule 20 (expresion -> exp relop exp .)
    RPAREN          reduce using rule 20 (expresion -> exp relop exp .)
    COMMA           reduce using rule 20 (expresion -> exp relop exp .)


state 65

    (30) exp -> termino addop exp .

    LT              reduce using rule 30 (exp -> termino addop exp .)
    GT              reduce using rule 30 (exp -> termino addop exp .)
    NE              reduce using rule 30 (exp -> termino addop exp .)
    SCOLON          reduce using rule 30 (exp -> termino addop exp .)
    RPAREN          reduce using rule 30 (exp -> termino addop exp .)
    COMMA           reduce using rule 30 (exp -> termino addop exp .)


state 66

    (34) termino -> factor mulop termino .

    PLUS            reduce using rule 34 (termino -> factor mulop termino .)
    MINUS           reduce using rule 34 (termino -> factor mulop termino .)
    LT              reduce using rule 34 (termino -> factor mulop termino .)
    GT              reduce using rule 34 (termino -> factor mulop termino .)
    NE              reduce using rule 34 (termino -> factor mulop termino .)
    SCOLON          reduce using rule 34 (termino -> factor mulop termino .)
    RPAREN          reduce using rule 34 (termino -> factor mulop termino .)
    COMMA           reduce using rule 34 (termino -> factor mulop termino .)


state 67

    (37) factor -> LPAREN expresion RPAREN .

    TIMES           reduce using rule 37 (factor -> LPAREN expresion RPAREN .)
    DIVIDE          reduce using rule 37 (factor -> LPAREN expresion RPAREN .)
    PLUS            reduce using rule 37 (factor -> LPAREN expresion RPAREN .)
    MINUS           reduce using rule 37 (factor -> LPAREN expresion RPAREN .)
    LT              reduce using rule 37 (factor -> LPAREN expresion RPAREN .)
    GT              reduce using rule 37 (factor -> LPAREN expresion RPAREN .)
    NE              reduce using rule 37 (factor -> LPAREN expresion RPAREN .)
    SCOLON          reduce using rule 37 (factor -> LPAREN expresion RPAREN .)
    RPAREN          reduce using rule 37 (factor -> LPAREN expresion RPAREN .)
    COMMA           reduce using rule 37 (factor -> LPAREN expresion RPAREN .)


state 68

    (24) condicion -> IF LPAREN expresion RPAREN bloque . SCOLON
    (25) condicion -> IF LPAREN expresion RPAREN bloque . ELSE bloque SCOLON

    SCOLON          shift and go to state 72
    ELSE            shift and go to state 73


state 69

    (15) escritura -> PRINT LPAREN contenido RPAREN SCOLON .

    ID              reduce using rule 15 (escritura -> PRINT LPAREN contenido RPAREN SCOLON .)
    IF              reduce using rule 15 (escritura -> PRINT LPAREN contenido RPAREN SCOLON .)
    PRINT           reduce using rule 15 (escritura -> PRINT LPAREN contenido RPAREN SCOLON .)
    RBRACKET        reduce using rule 15 (escritura -> PRINT LPAREN contenido RPAREN SCOLON .)


state 70

    (18) contenido -> CTESTRING COMMA contenido .

    RPAREN          reduce using rule 18 (contenido -> CTESTRING COMMA contenido .)


state 71

    (19) contenido -> expresion COMMA contenido .

    RPAREN          reduce using rule 19 (contenido -> expresion COMMA contenido .)


state 72

    (24) condicion -> IF LPAREN expresion RPAREN bloque SCOLON .

    ID              reduce using rule 24 (condicion -> IF LPAREN expresion RPAREN bloque SCOLON .)
    IF              reduce using rule 24 (condicion -> IF LPAREN expresion RPAREN bloque SCOLON .)
    PRINT           reduce using rule 24 (condicion -> IF LPAREN expresion RPAREN bloque SCOLON .)
    RBRACKET        reduce using rule 24 (condicion -> IF LPAREN expresion RPAREN bloque SCOLON .)


state 73

    (25) condicion -> IF LPAREN expresion RPAREN bloque ELSE . bloque SCOLON
    (8) bloque -> . LBRACKET estatutos RBRACKET

    LBRACKET        shift and go to state 8

    bloque                         shift and go to state 74

state 74

    (25) condicion -> IF LPAREN expresion RPAREN bloque ELSE bloque . SCOLON

    SCOLON          shift and go to state 75


state 75

    (25) condicion -> IF LPAREN expresion RPAREN bloque ELSE bloque SCOLON .

    ID              reduce using rule 25 (condicion -> IF LPAREN expresion RPAREN bloque ELSE bloque SCOLON .)
    IF              reduce using rule 25 (condicion -> IF LPAREN expresion RPAREN bloque ELSE bloque SCOLON .)
    PRINT           reduce using rule 25 (condicion -> IF LPAREN expresion RPAREN bloque ELSE bloque SCOLON .)
    RBRACKET        reduce using rule 25 (condicion -> IF LPAREN expresion RPAREN bloque ELSE bloque SCOLON .)

